
> econovaria-backend@0.0.0 typecheck:all
> npm run typecheck && npm run typecheck:edge && npm run typecheck:stock-edge && npm run typecheck:admin-edge


> econovaria-backend@0.0.0 typecheck
> tsc --noEmit -p tsconfig.json


> econovaria-backend@0.0.0 typecheck:edge
> deno check --config supabase/functions/classroom-api/deno.json --lock=supabase/functions/deno.lock --frozen supabase/functions/classroom-api/index.ts

[0m[32mDownload[0m https://esm.sh/@supabase/supabase-js@2.108.2
[0m[32mDownload[0m https://esm.sh/@supabase/supabase-js@2.108.2/dist/index.d.mts
[0m[32mDownload[0m https://esm.sh/@supabase/functions-js@2.108.2/dist/module/index.d.ts
[0m[32mDownload[0m https://esm.sh/@supabase/postgrest-js@2.108.2/dist/index.d.mts
[0m[32mDownload[0m https://esm.sh/@supabase/realtime-js@2.108.2/dist/module/index.d.ts
[0m[32mDownload[0m https://esm.sh/@supabase/storage-js@2.108.2/dist/index.d.mts
[0m[32mDownload[0m https://esm.sh/@supabase/auth-js@2.108.2/dist/module/index.d.ts
[0m[32mDownload[0m https://esm.sh/@supabase/functions-js@2.108.2/dist/module/FunctionsClient.d.ts
[0m[32mDownload[0m https://esm.sh/@supabase/functions-js@2.108.2/dist/module/types.d.ts
[0m[32mDownload[0m https://esm.sh/@supabase/realtime-js@2.108.2/dist/module/RealtimeClient.d.ts
[0m[32mDownload[0m https://esm.sh/@supabase/realtime-js@2.108.2/dist/module/RealtimeChannel.d.ts
[0m[32mDownload[0m https://esm.sh/@supabase/realtime-js@2.108.2/dist/module/RealtimePresence.d.ts
[0m[32mDownload[0m https://esm.sh/@supabase/realtime-js@2.108.2/dist/module/lib/websocket-factory.d.ts
[0m[32mDownload[0m https://esm.sh/iceberg-js@0.8.1/dist/index.d.ts
[0m[32mDownload[0m https://esm.sh/@supabase/auth-js@2.108.2/dist/module/GoTrueAdminApi.d.ts
[0m[32mDownload[0m https://esm.sh/@supabase/auth-js@2.108.2/dist/module/GoTrueClient.d.ts
[0m[32mDownload[0m https://esm.sh/@supabase/auth-js@2.108.2/dist/module/AuthAdminApi.d.ts
[0m[32mDownload[0m https://esm.sh/@supabase/auth-js@2.108.2/dist/module/AuthClient.d.ts
[0m[32mDownload[0m https://esm.sh/@supabase/auth-js@2.108.2/dist/module/lib/types.d.ts
[0m[32mDownload[0m https://esm.sh/@supabase/auth-js@2.108.2/dist/module/lib/errors.d.ts
[0m[32mDownload[0m https://esm.sh/@supabase/auth-js@2.108.2/dist/module/lib/locks.d.ts
[0m[32mDownload[0m https://esm.sh/@supabase/realtime-js@2.108.2/dist/module/lib/serializer.d.ts
[0m[32mDownload[0m https://esm.sh/@supabase/realtime-js@2.108.2/dist/module/phoenix/types.d.ts
[0m[32mDownload[0m https://esm.sh/@supabase/realtime-js@2.108.2/dist/module/lib/constants.d.ts
[0m[32mDownload[0m https://esm.sh/@supabase/phoenix@0.4.2/priv/static/types/index.d.ts
[0m[32mDownload[0m https://esm.sh/@supabase/auth-js@2.108.2/dist/module/lib/fetch.d.ts
[0m[32mDownload[0m https://esm.sh/@supabase/auth-js@2.108.2/dist/module/lib/helpers.d.ts
[0m[32mDownload[0m https://esm.sh/@supabase/auth-js@2.108.2/dist/module/lib/web3/ethereum.d.ts
[0m[32mDownload[0m https://esm.sh/@supabase/auth-js@2.108.2/dist/module/lib/web3/solana.d.ts
[0m[32mDownload[0m https://esm.sh/@supabase/auth-js@2.108.2/dist/module/lib/webauthn.d.ts
[0m[32mDownload[0m https://esm.sh/@supabase/auth-js@2.108.2/dist/module/lib/webauthn.dom.d.ts
[0m[32mDownload[0m https://esm.sh/@supabase/auth-js@2.108.2/dist/module/lib/error-codes.d.ts
[0m[32mDownload[0m https://esm.sh/@supabase/phoenix@0.4.2/priv/static/types/types.d.ts
[0m[32mDownload[0m https://esm.sh/@supabase/phoenix@0.4.2/priv/static/types/channel.d.ts
[0m[32mDownload[0m https://esm.sh/@supabase/phoenix@0.4.2/priv/static/types/longpoll.d.ts
[0m[32mDownload[0m https://esm.sh/@supabase/phoenix@0.4.2/priv/static/types/presence.d.ts
[0m[32mDownload[0m https://esm.sh/@supabase/phoenix@0.4.2/priv/static/types/push.d.ts
[0m[32mDownload[0m https://esm.sh/@supabase/phoenix@0.4.2/priv/static/types/serializer.d.ts
[0m[32mDownload[0m https://esm.sh/@supabase/phoenix@0.4.2/priv/static/types/socket.d.ts
[0m[32mDownload[0m https://esm.sh/@supabase/phoenix@0.4.2/priv/static/types/timer.d.ts
[0m[32mDownload[0m https://esm.sh/@supabase/auth-js@2.108.2/dist/module/lib/webauthn.errors.d.ts
[0m[32mDownload[0m https://esm.sh/@supabase/phoenix@0.4.2/priv/static/types/constants.d.ts
[0m[32mCheck[0m supabase/functions/classroom-api/index.ts

> econovaria-backend@0.0.0 typecheck:stock-edge
> deno check --config=supabase/functions/deno.json --lock=supabase/functions/deno.lock --frozen supabase/functions/stock-market-player-read/index.ts supabase/functions/stock-market-read/index.ts supabase/functions/stock-market-runner/index.ts supabase/functions/stock-market-seed-copy/index.ts supabase/functions/stock-market-trading/index.ts

[0m[32mCheck[0m supabase/functions/stock-market-player-read/index.ts
[0m[32mCheck[0m supabase/functions/stock-market-read/index.ts
[0m[32mCheck[0m supabase/functions/stock-market-runner/index.ts
[0m[32mCheck[0m supabase/functions/stock-market-seed-copy/index.ts
[0m[32mCheck[0m supabase/functions/stock-market-trading/index.ts

> econovaria-backend@0.0.0 typecheck:admin-edge
> deno check --config supabase/functions/admin-api/deno.json --lock=supabase/functions/deno.lock --frozen supabase/functions/admin-api/index.ts

[0m[32mCheck[0m supabase/functions/admin-api/index.ts
