
> econovaria@0.0.0 preflight:seed-content:staging
> node scripts/seed-content-preflight.mjs --environment staging --mode staging

Seed content preflight: content-pack.econovaria.seed-foundation.v1 0.2.0-design
Environment: staging
Mode: staging
JSON files checked: 93
Errors: 0; blockers: 17; warnings: 0
[BLOCKER] DESIGN_DOMAIN_BLOCKED docs/seed-content/manifests/design-manifest-v1.json: arrival-classes is blocked; dependencies: arrival-package-viability-simulation, skills-and-credentials, class-scoring-model, progression-persistence.
[BLOCKER] DESIGN_DOMAIN_BLOCKED docs/seed-content/manifests/design-manifest-v1.json: arrival-packages is definition-only; dependencies: starting-value-calibration, housing-cost-simulation, relationship-persistence, authoritative-instantiation-route.
[BLOCKER] DESIGN_DOMAIN_BLOCKED docs/seed-content/manifests/design-manifest-v1.json: banking-products is definition-only; dependencies: banking-write-capability, rate-and-affordability-simulation.
[BLOCKER] DESIGN_DOMAIN_BLOCKED docs/seed-content/manifests/design-manifest-v1.json: contracts is definition-only; dependencies: backend-contract-lifecycle, reward-calibration, targeting-capability-map.
[BLOCKER] DESIGN_DOMAIN_BLOCKED docs/seed-content/manifests/design-manifest-v1.json: events-news-interactions is definition-only; dependencies: event-application-authority, narrative-persistence, effect-capability-map.
[BLOCKER] DESIGN_DOMAIN_BLOCKED docs/seed-content/manifests/design-manifest-v1.json: exchanges is definition-only; dependencies: market-calendar-policy, backend-exchange-support.
[BLOCKER] DESIGN_DOMAIN_BLOCKED docs/seed-content/manifests/design-manifest-v1.json: industries-and-commodities is definition-only; dependencies: subindustry-editorial-review, benchmark-methodology-review.
[BLOCKER] DESIGN_DOMAIN_BLOCKED docs/seed-content/manifests/design-manifest-v1.json: issuers is definition-only; dependencies: financial-profile-enrichment-six-countries, issuer-runtime-schema.
[BLOCKER] DESIGN_DOMAIN_BLOCKED docs/seed-content/manifests/design-manifest-v1.json: locations is blocked; dependencies: active-map-artwork, map-coordinate-verification, adjacency-verification, runtime-location-schema.
[BLOCKER] DESIGN_DOMAIN_BLOCKED docs/seed-content/manifests/design-manifest-v1.json: market-instruments is definition-only; dependencies: instrument-capability-mapping, financial-calibration-six-countries, market-simulation-six-countries, bounded-active-market-approval.
[BLOCKER] DESIGN_DOMAIN_BLOCKED docs/seed-content/manifests/design-manifest-v1.json: progression is definition-only; dependencies: progression-persistence, threshold-calibration.
[BLOCKER] DESIGN_DOMAIN_BLOCKED docs/seed-content/manifests/design-manifest-v1.json: routes is blocked; dependencies: map-verification, route-runtime-model.
[BLOCKER] DESIGN_DOMAIN_BLOCKED docs/seed-content/manifests/design-manifest-v1.json: staging-import is blocked; dependencies: backend-baseline, stable-id-storage, import-schema-mapping, rollback-rehearsal.
[BLOCKER] DESIGN_DOMAIN_BLOCKED docs/seed-content/manifests/design-manifest-v1.json: store-items is definition-only; dependencies: item-effect-capability-map, redemption-lifecycle, price-calibration, recipe-approval.
[BLOCKER] DESIGN_DOMAIN_BLOCKED docs/seed-content/manifests/design-manifest-v1.json: tutorials-and-notifications is definition-only; dependencies: route-capability-map, notification-deduplication, tutorial-completion-persistence.
[BLOCKER] LOCATION_MAP_PENDING docs/seed-content/locations/location-registry-v1.json: 50 locations still lack verified map points.
[BLOCKER] RUNTIME_ACTIVATION_DISABLED docs/seed-content/manifests/design-manifest-v1.json: The pack cannot pass staging readiness while runtime activation is disabled.
Result: DESIGN_VALID_WITH_BLOCKERS
